{"/home/luiz/Projects/dti/GuildaFrontend/jest-presentation/sample-node-app/src/calculator/calculator.js": {"path":"/home/luiz/Projects/dti/GuildaFrontend/jest-presentation/sample-node-app/src/calculator/calculator.js","statementMap":{"0":{"start":{"line":1,"column":0},"end":{"line":18,"column":1}},"1":{"start":{"line":3,"column":8},"end":{"line":3,"column":21}},"2":{"start":{"line":7,"column":8},"end":{"line":7,"column":20}},"3":{"start":{"line":11,"column":8},"end":{"line":11,"column":21}},"4":{"start":{"line":15,"column":8},"end":{"line":15,"column":21}}},"fnMap":{"0":{"name":"add","decl":{"start":{"line":2,"column":18},"end":{"line":2,"column":21}},"loc":{"start":{"line":2,"column":28},"end":{"line":4,"column":5}},"line":2},"1":{"name":"subtract","decl":{"start":{"line":6,"column":23},"end":{"line":6,"column":31}},"loc":{"start":{"line":6,"column":38},"end":{"line":8,"column":5}},"line":6},"2":{"name":"multiply","decl":{"start":{"line":10,"column":23},"end":{"line":10,"column":31}},"loc":{"start":{"line":10,"column":38},"end":{"line":12,"column":5}},"line":10},"3":{"name":"divide","decl":{"start":{"line":14,"column":21},"end":{"line":14,"column":27}},"loc":{"start":{"line":14,"column":34},"end":{"line":16,"column":5}},"line":14}},"branchMap":{},"s":{"0":1,"1":1,"2":1,"3":0,"4":1},"f":{"0":1,"1":1,"2":0,"3":1},"b":{},"_coverageSchema":"1a1c01bbd47fc00a2c39e90264f33305004495a9","hash":"231ef19a4da61e731810e6af13927b8513704ff1"}
,"/home/luiz/Projects/dti/GuildaFrontend/jest-presentation/sample-node-app/src/github/githubRepository.js": {"path":"/home/luiz/Projects/dti/GuildaFrontend/jest-presentation/sample-node-app/src/github/githubRepository.js","statementMap":{"0":{"start":{"line":1,"column":14},"end":{"line":1,"column":30}},"1":{"start":{"line":3,"column":0},"end":{"line":10,"column":2}},"2":{"start":{"line":5,"column":19},"end":{"line":7,"column":5}},"3":{"start":{"line":8,"column":4},"end":{"line":8,"column":32}}},"fnMap":{"0":{"name":"getAmountOfRepositories","decl":{"start":{"line":4,"column":42},"end":{"line":4,"column":65}},"loc":{"start":{"line":4,"column":76},"end":{"line":9,"column":3}},"line":4}},"branchMap":{},"s":{"0":1,"1":1,"2":2,"3":2},"f":{"0":2},"b":{},"_coverageSchema":"1a1c01bbd47fc00a2c39e90264f33305004495a9","hash":"060b828ab9e596fca106c909b1eb29cbd01fe24a"}
}
